app/build/intermediates/manifest_merge_blame_file/release/processReleaseMainManifest/manifest-merger-blame-release-report.txt
1<?xml version="1.0" encoding="utf-8"?>
2<!--
3    Copyright 2019 Google Inc. All Rights Reserved.
4
5     Licensed under the Apache License, Version 2.0 (the "License");
6     you may not use this file except in compliance with the License.
7     You may obtain a copy of the License at
8
9         http://www.apache.org/licenses/LICENSE-2.0
10
11     Unless required by applicable law or agreed to in writing, software
12     distributed under the License is distributed on an "AS IS" BASIS,
13     WITHOUT WARRANTIES OR CONDITIONS OF ANY KIND, either express or implied.
14     See the License for the specific language governing permissions and
15     limitations under the License.
16-->
17<!--
18 The "package" attribute is rewritten by the Gradle build with the value of applicationId.
19     It is still required here, as it is used to derive paths, for instance when referring
20     to an Activity by ".MyActivity" instead of the full name. If more Activities are added to the
21     application, the package attribute will need to reflect the correct path in order to use
22     the abbreviated format.
23-->
24<manifest xmlns:android="http://schemas.android.com/apk/res/android"
25    package="app.simpledms.my"
26    android:versionCode="1"
27    android:versionName="1.0.0" >
28
29    <uses-sdk
30        android:minSdkVersion="23"
31        android:targetSdkVersion="35" />
32
33    <uses-permission android:name="android.permission.POST_NOTIFICATIONS" />
33-->src/main/AndroidManifest.xml:26:9-80
33-->src/main/AndroidManifest.xml:26:26-78
34
35    <queries>
35-->[com.google.androidbrowserhelper:androidbrowserhelper:2.6.2] AndroidManifest.xml:22:5-30:15
36        <intent>
36-->[com.google.androidbrowserhelper:androidbrowserhelper:2.6.2] AndroidManifest.xml:23:9-29:18
37            <action android:name="android.intent.action.VIEW" />
37-->src/main/AndroidManifest.xml:164:17-68
37-->src/main/AndroidManifest.xml:164:25-66
38
39            <category android:name="android.intent.category.BROWSABLE" />
39-->src/main/AndroidManifest.xml:166:17-77
39-->src/main/AndroidManifest.xml:166:27-75
40
41            <data android:scheme="https" />
41-->src/main/AndroidManifest.xml:153:25-56
41-->src/main/AndroidManifest.xml:167:23-45
42        </intent>
43    </queries>
44
45    <permission
45-->[androidx.core:core:1.13.0] AndroidManifest.xml:22:5-24:47
46        android:name="app.simpledms.my.DYNAMIC_RECEIVER_NOT_EXPORTED_PERMISSION"
46-->[androidx.core:core:1.13.0] AndroidManifest.xml:23:9-81
47        android:protectionLevel="signature" />
47-->[androidx.core:core:1.13.0] AndroidManifest.xml:24:9-44
48
49    <uses-permission android:name="app.simpledms.my.DYNAMIC_RECEIVER_NOT_EXPORTED_PERMISSION" />
49-->[androidx.core:core:1.13.0] AndroidManifest.xml:26:5-97
49-->[androidx.core:core:1.13.0] AndroidManifest.xml:26:22-94
50
51    <application
51-->src/main/AndroidManifest.xml:35:5-217:19
52        android:name="app.simpledms.my.Application"
52-->src/main/AndroidManifest.xml:36:9-35
53        android:allowBackup="true"
53-->src/main/AndroidManifest.xml:37:9-35
54        android:appComponentFactory="androidx.core.app.CoreComponentFactory"
54-->[androidx.core:core:1.13.0] AndroidManifest.xml:28:18-86
55        android:extractNativeLibs="false"
56        android:icon="@mipmap/ic_launcher"
56-->src/main/AndroidManifest.xml:38:9-43
57        android:label="@string/appName"
57-->src/main/AndroidManifest.xml:39:9-40
58        android:manageSpaceActivity="com.google.androidbrowserhelper.trusted.ManageDataLauncherActivity"
58-->src/main/AndroidManifest.xml:41:9-105
59        android:supportsRtl="true"
59-->src/main/AndroidManifest.xml:43:9-35
60        android:theme="@android:style/Theme.Translucent.NoTitleBar" >
60-->src/main/AndroidManifest.xml:44:9-68
61        <meta-data
61-->src/main/AndroidManifest.xml:46:9-48:58
62            android:name="asset_statements"
62-->src/main/AndroidManifest.xml:47:13-44
63            android:resource="@string/assetStatements" />
63-->src/main/AndroidManifest.xml:48:13-55
64        <meta-data
64-->src/main/AndroidManifest.xml:51:13-53:58
65            android:name="web_manifest_url"
65-->src/main/AndroidManifest.xml:52:17-48
66            android:value="@string/webManifestUrl" />
66-->src/main/AndroidManifest.xml:53:17-55
67        <meta-data
67-->src/main/AndroidManifest.xml:56:9-58:52
68            android:name="twa_generator"
68-->src/main/AndroidManifest.xml:57:13-41
69            android:value="@string/generatorApp" />
69-->src/main/AndroidManifest.xml:58:13-49
70
71        <activity
71-->src/main/AndroidManifest.xml:65:13-76:24
72            android:name="com.google.androidbrowserhelper.trusted.ManageDataLauncherActivity"
72-->src/main/AndroidManifest.xml:65:23-104
73            android:enabled="true"
73-->src/main/AndroidManifest.xml:67:17-39
74            android:excludeFromRecents="true"
74-->src/main/AndroidManifest.xml:68:17-50
75            android:exported="false" >
75-->src/main/AndroidManifest.xml:66:17-41
76            <meta-data
76-->src/main/AndroidManifest.xml:69:17-71:57
77                android:name="android.support.customtabs.trusted.MANAGE_SPACE_URL"
77-->src/main/AndroidManifest.xml:70:21-87
78                android:value="@string/launchUrl" />
78-->src/main/AndroidManifest.xml:71:21-54
79
80            <intent-filter>
80-->src/main/AndroidManifest.xml:72:17-75:33
81                <action android:name="android.intent.action.APPLICATION_PREFERENCES" />
81-->src/main/AndroidManifest.xml:73:21-92
81-->src/main/AndroidManifest.xml:73:29-89
82
83                <category android:name="android.intent.category.DEFAULT" />
83-->src/main/AndroidManifest.xml:74:21-80
83-->src/main/AndroidManifest.xml:74:31-77
84            </intent-filter>
85        </activity>
86        <activity
86-->src/main/AndroidManifest.xml:79:9-178:20
87            android:name="app.simpledms.my.LauncherActivity"
87-->src/main/AndroidManifest.xml:79:19-50
88            android:alwaysRetainTaskState="true"
88-->src/main/AndroidManifest.xml:80:13-49
89            android:exported="true"
89-->src/main/AndroidManifest.xml:82:13-36
90            android:label="@string/launcherName" >
90-->src/main/AndroidManifest.xml:81:13-49
91            <meta-data
91-->src/main/AndroidManifest.xml:83:13-84:53
92                android:name="android.support.customtabs.trusted.DEFAULT_URL"
92-->src/main/AndroidManifest.xml:83:24-85
93                android:value="@string/launchUrl" />
93-->src/main/AndroidManifest.xml:84:17-50
94            <meta-data
94-->src/main/AndroidManifest.xml:86:13-88:58
95                android:name="android.support.customtabs.trusted.STATUS_BAR_COLOR"
95-->src/main/AndroidManifest.xml:87:17-83
96                android:resource="@color/colorPrimary" />
96-->src/main/AndroidManifest.xml:88:17-55
97            <meta-data
97-->src/main/AndroidManifest.xml:92:13-94:62
98                android:name="android.support.customtabs.trusted.STATUS_BAR_COLOR_DARK"
98-->src/main/AndroidManifest.xml:93:17-88
99                android:resource="@color/colorPrimaryDark" />
99-->src/main/AndroidManifest.xml:94:17-59
100            <meta-data
100-->src/main/AndroidManifest.xml:96:13-98:61
101                android:name="android.support.customtabs.trusted.NAVIGATION_BAR_COLOR"
101-->src/main/AndroidManifest.xml:97:17-87
102                android:resource="@color/navigationColor" />
102-->src/main/AndroidManifest.xml:98:17-58
103            <meta-data
103-->src/main/AndroidManifest.xml:100:13-102:65
104                android:name="android.support.customtabs.trusted.NAVIGATION_BAR_COLOR_DARK"
104-->src/main/AndroidManifest.xml:101:17-92
105                android:resource="@color/navigationColorDark" />
105-->src/main/AndroidManifest.xml:102:17-62
106            <meta-data
106-->src/main/AndroidManifest.xml:104:13-106:68
107                android:name="androix.browser.trusted.NAVIGATION_BAR_DIVIDER_COLOR"
107-->src/main/AndroidManifest.xml:105:17-84
108                android:resource="@color/navigationDividerColor" />
108-->src/main/AndroidManifest.xml:106:17-65
109            <meta-data
109-->src/main/AndroidManifest.xml:108:13-110:72
110                android:name="androix.browser.trusted.NAVIGATION_BAR_DIVIDER_COLOR_DARK"
110-->src/main/AndroidManifest.xml:109:17-89
111                android:resource="@color/navigationDividerColorDark" />
111-->src/main/AndroidManifest.xml:110:17-69
112            <meta-data
112-->src/main/AndroidManifest.xml:112:13-113:54
113                android:name="android.support.customtabs.trusted.SPLASH_IMAGE_DRAWABLE"
113-->src/main/AndroidManifest.xml:112:24-95
114                android:resource="@drawable/splash" />
114-->src/main/AndroidManifest.xml:113:17-52
115            <meta-data
115-->src/main/AndroidManifest.xml:115:13-116:60
116                android:name="android.support.customtabs.trusted.SPLASH_SCREEN_BACKGROUND_COLOR"
116-->src/main/AndroidManifest.xml:115:24-104
117                android:resource="@color/backgroundColor" />
117-->src/main/AndroidManifest.xml:116:17-58
118            <meta-data
118-->src/main/AndroidManifest.xml:118:13-119:71
119                android:name="android.support.customtabs.trusted.SPLASH_SCREEN_FADE_OUT_DURATION"
119-->src/main/AndroidManifest.xml:118:24-105
120                android:value="@integer/splashScreenFadeOutDuration" />
120-->src/main/AndroidManifest.xml:119:17-69
121            <meta-data
121-->src/main/AndroidManifest.xml:121:13-122:60
122                android:name="android.support.customtabs.trusted.FILE_PROVIDER_AUTHORITY"
122-->src/main/AndroidManifest.xml:121:24-97
123                android:value="@string/providerAuthority" />
123-->src/main/AndroidManifest.xml:122:17-58
124            <meta-data
124-->src/main/AndroidManifest.xml:124:13-97
125                android:name="android.app.shortcuts"
125-->src/main/AndroidManifest.xml:124:24-60
126                android:resource="@xml/shortcuts" />
126-->src/main/AndroidManifest.xml:124:61-94
127            <meta-data
127-->src/main/AndroidManifest.xml:126:13-127:56
128                android:name="android.support.customtabs.trusted.FALLBACK_STRATEGY"
128-->src/main/AndroidManifest.xml:126:24-91
129                android:value="@string/fallbackType" />
129-->src/main/AndroidManifest.xml:127:17-53
130            <meta-data
130-->src/main/AndroidManifest.xml:130:17-132:61
131                android:name="android.support.customtabs.trusted.METADATA_SHARE_TARGET"
131-->src/main/AndroidManifest.xml:131:21-92
132                android:resource="@string/shareTarget" />
132-->src/main/AndroidManifest.xml:132:21-59
133            <meta-data
133-->src/main/AndroidManifest.xml:137:13-138:54
134                android:name="android.support.customtabs.trusted.SCREEN_ORIENTATION"
134-->src/main/AndroidManifest.xml:137:24-92
135                android:value="@string/orientation" />
135-->src/main/AndroidManifest.xml:138:17-52
136
137            <intent-filter>
137-->src/main/AndroidManifest.xml:145:17-155:33
138                <action android:name="android.intent.action.SEND" />
138-->src/main/AndroidManifest.xml:147:25-77
138-->src/main/AndroidManifest.xml:147:33-74
139                <action android:name="android.intent.action.SEND_MULTIPLE" />
139-->src/main/AndroidManifest.xml:149:25-86
139-->src/main/AndroidManifest.xml:149:33-83
140
141                <category android:name="android.intent.category.DEFAULT" />
141-->src/main/AndroidManifest.xml:74:21-80
141-->src/main/AndroidManifest.xml:74:31-77
142
143                <data android:mimeType="*/*" />
143-->src/main/AndroidManifest.xml:153:25-56
143-->src/main/AndroidManifest.xml:153:31-53
144            </intent-filter>
145            <intent-filter>
145-->src/main/AndroidManifest.xml:158:13-161:29
146                <action android:name="android.intent.action.MAIN" />
146-->src/main/AndroidManifest.xml:159:17-69
146-->src/main/AndroidManifest.xml:159:25-66
147
148                <category android:name="android.intent.category.LAUNCHER" />
148-->src/main/AndroidManifest.xml:160:17-77
148-->src/main/AndroidManifest.xml:160:27-74
149            </intent-filter>
150            <intent-filter android:autoVerify="true" >
150-->src/main/AndroidManifest.xml:163:13-173:29
150-->src/main/AndroidManifest.xml:163:28-53
151                <action android:name="android.intent.action.VIEW" />
151-->src/main/AndroidManifest.xml:164:17-68
151-->src/main/AndroidManifest.xml:164:25-66
152
153                <category android:name="android.intent.category.DEFAULT" />
153-->src/main/AndroidManifest.xml:74:21-80
153-->src/main/AndroidManifest.xml:74:31-77
154                <category android:name="android.intent.category.BROWSABLE" />
154-->src/main/AndroidManifest.xml:166:17-77
154-->src/main/AndroidManifest.xml:166:27-75
155
156                <data
156-->src/main/AndroidManifest.xml:153:25-56
157                    android:host="@string/hostName"
157-->src/main/AndroidManifest.xml:168:21-52
158                    android:pathPrefix="/assets/"
158-->src/main/AndroidManifest.xml:170:21-50
159                    android:scheme="https" />
159-->src/main/AndroidManifest.xml:167:23-45
160            </intent-filter>
161        </activity>
162        <activity android:name="com.google.androidbrowserhelper.trusted.FocusActivity" />
162-->src/main/AndroidManifest.xml:180:9-90
162-->src/main/AndroidManifest.xml:180:19-87
163        <activity
163-->src/main/AndroidManifest.xml:182:9-183:62
164            android:name="com.google.androidbrowserhelper.trusted.WebViewFallbackActivity"
164-->src/main/AndroidManifest.xml:182:19-97
165            android:configChanges="orientation|screenSize" />
165-->src/main/AndroidManifest.xml:183:13-59
166
167        <provider
167-->src/main/AndroidManifest.xml:185:9-193:20
168            android:name="androidx.core.content.FileProvider"
168-->src/main/AndroidManifest.xml:186:13-62
169            android:authorities="@string/providerAuthority"
169-->src/main/AndroidManifest.xml:187:13-60
170            android:exported="false"
170-->src/main/AndroidManifest.xml:189:13-37
171            android:grantUriPermissions="true" >
171-->src/main/AndroidManifest.xml:188:13-47
172            <meta-data
172-->src/main/AndroidManifest.xml:190:13-192:53
173                android:name="android.support.FILE_PROVIDER_PATHS"
173-->src/main/AndroidManifest.xml:191:17-67
174                android:resource="@xml/filepaths" />
174-->src/main/AndroidManifest.xml:192:17-50
175        </provider>
176
177        <service
177-->src/main/AndroidManifest.xml:195:9-210:19
178            android:name="app.simpledms.my.DelegationService"
178-->src/main/AndroidManifest.xml:196:13-46
179            android:enabled="@bool/enableNotification"
179-->src/main/AndroidManifest.xml:197:13-55
180            android:exported="@bool/enableNotification" >
180-->src/main/AndroidManifest.xml:198:13-56
181            <meta-data
181-->src/main/AndroidManifest.xml:201:17-203:73
182                android:name="android.support.customtabs.trusted.SMALL_ICON"
182-->src/main/AndroidManifest.xml:202:21-81
183                android:resource="@drawable/ic_notification_icon" />
183-->src/main/AndroidManifest.xml:203:21-70
184
185            <intent-filter>
185-->src/main/AndroidManifest.xml:206:13-209:29
186                <action android:name="android.support.customtabs.trusted.TRUSTED_WEB_ACTIVITY_SERVICE" />
186-->src/main/AndroidManifest.xml:207:17-105
186-->src/main/AndroidManifest.xml:207:25-103
187
188                <category android:name="android.intent.category.DEFAULT" />
188-->src/main/AndroidManifest.xml:74:21-80
188-->src/main/AndroidManifest.xml:74:31-77
189            </intent-filter>
190        </service>
191
192        <activity android:name="com.google.androidbrowserhelper.trusted.NotificationPermissionRequestActivity" />
192-->src/main/AndroidManifest.xml:213:13-118
192-->src/main/AndroidManifest.xml:213:23-115
193
194        <provider
194-->[androidx.emoji2:emoji2:1.3.0] AndroidManifest.xml:24:9-32:20
195            android:name="androidx.startup.InitializationProvider"
195-->[androidx.emoji2:emoji2:1.3.0] AndroidManifest.xml:25:13-67
196            android:authorities="app.simpledms.my.androidx-startup"
196-->[androidx.emoji2:emoji2:1.3.0] AndroidManifest.xml:26:13-68
197            android:exported="false" >
197-->[androidx.emoji2:emoji2:1.3.0] AndroidManifest.xml:27:13-37
198            <meta-data
198-->[androidx.emoji2:emoji2:1.3.0] AndroidManifest.xml:29:13-31:52
199                android:name="androidx.emoji2.text.EmojiCompatInitializer"
199-->[androidx.emoji2:emoji2:1.3.0] AndroidManifest.xml:30:17-75
200                android:value="androidx.startup" />
200-->[androidx.emoji2:emoji2:1.3.0] AndroidManifest.xml:31:17-49
201            <meta-data
201-->[androidx.lifecycle:lifecycle-process:2.6.2] AndroidManifest.xml:29:13-31:52
202                android:name="androidx.lifecycle.ProcessLifecycleInitializer"
202-->[androidx.lifecycle:lifecycle-process:2.6.2] AndroidManifest.xml:30:17-78
203                android:value="androidx.startup" />
203-->[androidx.lifecycle:lifecycle-process:2.6.2] AndroidManifest.xml:31:17-49
204            <meta-data
204-->[androidx.profileinstaller:profileinstaller:1.3.1] AndroidManifest.xml:29:13-31:52
205                android:name="androidx.profileinstaller.ProfileInstallerInitializer"
205-->[androidx.profileinstaller:profileinstaller:1.3.1] AndroidManifest.xml:30:17-85
206                android:value="androidx.startup" />
206-->[androidx.profileinstaller:profileinstaller:1.3.1] AndroidManifest.xml:31:17-49
207        </provider>
208
209        <receiver
209-->[androidx.profileinstaller:profileinstaller:1.3.1] AndroidManifest.xml:34:9-52:20
210            android:name="androidx.profileinstaller.ProfileInstallReceiver"
210-->[androidx.profileinstaller:profileinstaller:1.3.1] AndroidManifest.xml:35:13-76
211            android:directBootAware="false"
211-->[androidx.profileinstaller:profileinstaller:1.3.1] AndroidManifest.xml:36:13-44
212            android:enabled="true"
212-->[androidx.profileinstaller:profileinstaller:1.3.1] AndroidManifest.xml:37:13-35
213            android:exported="true"
213-->[androidx.profileinstaller:profileinstaller:1.3.1] AndroidManifest.xml:38:13-36
214            android:permission="android.permission.DUMP" >
214-->[androidx.profileinstaller:profileinstaller:1.3.1] AndroidManifest.xml:39:13-57
215            <intent-filter>
215-->[androidx.profileinstaller:profileinstaller:1.3.1] AndroidManifest.xml:40:13-42:29
216                <action android:name="androidx.profileinstaller.action.INSTALL_PROFILE" />
216-->[androidx.profileinstaller:profileinstaller:1.3.1] AndroidManifest.xml:41:17-91
216-->[androidx.profileinstaller:profileinstaller:1.3.1] AndroidManifest.xml:41:25-88
217            </intent-filter>
218            <intent-filter>
218-->[androidx.profileinstaller:profileinstaller:1.3.1] AndroidManifest.xml:43:13-45:29
219                <action android:name="androidx.profileinstaller.action.SKIP_FILE" />
219-->[androidx.profileinstaller:profileinstaller:1.3.1] AndroidManifest.xml:44:17-85
219-->[androidx.profileinstaller:profileinstaller:1.3.1] AndroidManifest.xml:44:25-82
220            </intent-filter>
221            <intent-filter>
221-->[androidx.profileinstaller:profileinstaller:1.3.1] AndroidManifest.xml:46:13-48:29
222                <action android:name="androidx.profileinstaller.action.SAVE_PROFILE" />
222-->[androidx.profileinstaller:profileinstaller:1.3.1] AndroidManifest.xml:47:17-88
222-->[androidx.profileinstaller:profileinstaller:1.3.1] AndroidManifest.xml:47:25-85
223            </intent-filter>
224            <intent-filter>
224-->[androidx.profileinstaller:profileinstaller:1.3.1] AndroidManifest.xml:49:13-51:29
225                <action android:name="androidx.profileinstaller.action.BENCHMARK_OPERATION" />
225-->[androidx.profileinstaller:profileinstaller:1.3.1] AndroidManifest.xml:50:17-95
225-->[androidx.profileinstaller:profileinstaller:1.3.1] AndroidManifest.xml:50:25-92
226            </intent-filter>
227        </receiver>
228    </application>
229
230</manifest>